[2019-10-24 06:45:04] development.ERROR: Stripe\Error\Authentication: No API key provided.  (HINT: set your API key using "Stripe::setApiKey(<API-KEY>)".  You can generate API keys from the Stripe web interface.  See https://stripe.com/api for details, or email support@stripe.com if you have any questions. in C:\Users\Sudip\Desktop\Interview\bulk.ly\vendor\stripe\stripe-php\lib\ApiRequestor.php:219
Stack trace:
#0 C:\Users\Sudip\Desktop\Interview\bulk.ly\vendor\stripe\stripe-php\lib\ApiRequestor.php(64): Stripe\ApiRequestor->_requestRaw('get', '/v1/customers/c...', Array, Array)
#1 C:\Users\Sudip\Desktop\Interview\bulk.ly\vendor\stripe\stripe-php\lib\ApiResource.php(31): Stripe\ApiRequestor->request('get', '/v1/customers/c...', Array, Array)
#2 C:\Users\Sudip\Desktop\Interview\bulk.ly\vendor\stripe\stripe-php\lib\ApiResource.php(132): Stripe\ApiResource->refresh()
#3 C:\Users\Sudip\Desktop\Interview\bulk.ly\vendor\stripe\stripe-php\lib\Customer.php(40): Stripe\ApiResource::_retrieve('cus_AxqMtjMMU28...', '')
#4 C:\Users\Sudip\Desktop\Interview\bulk.ly\vendor\laravel\cashier\src\Billable.php(589): Stripe\Customer::retrieve('cus_AxqMtjMMU28...', '')
#5 C:\Users\Sudip\Desktop\Interview\bulk.ly\vendor\laravel\cashier\src\Billable.php(326): Bulkly\User->asStripeCustomer()
#6 C:\Users\Sudip\Desktop\Interview\bulk.ly\vendor\laravel\cashier\src\Billable.php(350): Bulkly\User->invoices(true, Array)
#7 C:\Users\Sudip\Desktop\Interview\bulk.ly\app\Http\Controllers\PagesController.php(31): Bulkly\User->invoicesIncludingPending()
#8 [internal function]: Bulkly\Http\Controllers\PagesController->settings()
#9 C:\Users\Sudip\Desktop\Interview\bulk.ly\vendor\laravel\framework\src\Illuminate\Routing\Controller.php(55): call_user_func_array(Array, Array)
#10 C:\Users\Sudip\Desktop\Interview\bulk.ly\vendor\laravel\framework\src\Illuminate\Routing\ControllerDispatcher.php(44): Illuminate\Routing\Controller->callAction('settings', Array)
#11 C:\Users\Sudip\Desktop\Interview\bulk.ly\vendor\laravel\framework\src\Illuminate\Routing\Route.php(203): Illuminate\Routing\ControllerDispatcher->dispatch(Object(Illuminate\Routing\Route), Object(Bulkly\Http\Controllers\PagesController), 'settings')
#12 C:\Users\Sudip\Desktop\Interview\bulk.ly\vendor\laravel\framework\src\Illuminate\Routing\Route.php(160): Illuminate\Routing\Route->runController()
#13 C:\Users\Sudip\Desktop\Interview\bulk.ly\vendor\laravel\framework\src\Illuminate\Routing\Router.php(572): Illuminate\Routing\Route->run()
#14 C:\Users\Sudip\Desktop\Interview\bulk.ly\vendor\laravel\framework\src\Illuminate\Routing\Pipeline.php(30): Illuminate\Routing\Router->Illuminate\Routing\{closure}(Object(Illuminate\Http\Request))
#15 C:\Users\Sudip\Desktop\Interview\bulk.ly\vendor\laravel\framework\src\Illuminate\Routing\Middleware\SubstituteBindings.php(41): Illuminate\Routing\Pipeline->Illuminate\Routing\{closure}(Object(Illuminate\Http\Request))
#16 C:\Users\Sudip\Desktop\Interview\bulk.ly\vendor\laravel\framework\src\Illuminate\Pipeline\Pipeline.php(148): Illuminate\Routing\Middleware\SubstituteBindings->handle(Object(Illuminate\Http\Request), Object(Closure))
#17 C:\Users\Sudip\Desktop\Interview\bulk.ly\vendor\laravel\framework\src\Illuminate\Routing\Pipeline.php(53): Illuminate\Pipeline\Pipeline->Illuminate\Pipeline\{closure}(Object(Illuminate\Http\Request))
#18 C:\Users\Sudip\Desktop\Interview\bulk.ly\vendor\laravel\framework\src\Illuminate\Foundation\Http\Middleware\VerifyCsrfToken.php(65): Illuminate\Routing\Pipeline->Illuminate\Routing\{closure}(Object(Illuminate\Http\Request))
#19 C:\Users\Sudip\Desktop\Interview\bulk.ly\vendor\laravel\framework\src\Illuminate\Pipeline\Pipeline.php(148): Illuminate\Foundation\Http\Middleware\VerifyCsrfToken->handle(Object(Illuminate\Http\Request), Object(Closure))
#20 C:\Users\Sudip\Desktop\Interview\bulk.ly\vendor\laravel\framework\src\Illuminate\Routing\Pipeline.php(53): Illuminate\Pipeline\Pipeline->Illuminate\Pipeline\{closure}(Object(Illuminate\Http\Request))
#21 C:\Users\Sudip\Desktop\Interview\bulk.ly\vendor\laravel\framework\src\Illuminate\View\Middleware\ShareErrorsFromSession.php(49): Illuminate\Routing\Pipeline->Illuminate\Routing\{closure}(Object(Illuminate\Http\Request))
#22 C:\Users\Sudip\Desktop\Interview\bulk.ly\vendor\laravel\framework\src\Illuminate\Pipeline\Pipeline.php(148): Illuminate\View\Middleware\ShareErrorsFromSession->handle(Object(Illuminate\Http\Request), Object(Closure))
#23 C:\Users\Sudip\Desktop\Interview\bulk.ly\vendor\laravel\framework\src\Illuminate\Routing\Pipeline.php(53): Illuminate\Pipeline\Pipeline->Illuminate\Pipeline\{closure}(Object(Illuminate\Http\Request))
#24 C:\Users\Sudip\Desktop\Interview\bulk.ly\vendor\laravel\framework\src\Illuminate\Session\Middleware\StartSession.php(64): Illuminate\Routing\Pipeline->Illuminate\Routing\{closure}(Object(Illuminate\Http\Request))
#25 C:\Users\Sudip\Desktop\Interview\bulk.ly\vendor\laravel\framework\src\Illuminate\Pipeline\Pipeline.php(148): Illuminate\Session\Middleware\StartSession->handle(Object(Illuminate\Http\Request), Object(Closure))
#26 C:\Users\Sudip\Desktop\Interview\bulk.ly\vendor\laravel\framework\src\Illuminate\Routing\Pipeline.php(53): Illuminate\Pipeline\Pipeline->Illuminate\Pipeline\{closure}(Object(Illuminate\Http\Request))
#27 C:\Users\Sudip\Desktop\Interview\bulk.ly\vendor\laravel\framework\src\Illuminate\Cookie\Middleware\AddQueuedCookiesToResponse.php(37): Illuminate\Routing\Pipeline->Illuminate\Routing\{closure}(Object(Illuminate\Http\Request))
#28 C:\Users\Sudip\Desktop\Interview\bulk.ly\vendor\laravel\framework\src\Illuminate\Pipeline\Pipeline.php(148): Illuminate\Cookie\Middleware\AddQueuedCookiesToResponse->handle(Object(Illuminate\Http\Request), Object(Closure))
#29 C:\Users\Sudip\Desktop\Interview\bulk.ly\vendor\laravel\framework\src\Illuminate\Routing\Pipeline.php(53): Illuminate\Pipeline\Pipeline->Illuminate\Pipeline\{closure}(Object(Illuminate\Http\Request))
#30 C:\Users\Sudip\Desktop\Interview\bulk.ly\vendor\laravel\framework\src\Illuminate\Cookie\Middleware\EncryptCookies.php(59): Illuminate\Routing\Pipeline->Illuminate\Routing\{closure}(Object(Illuminate\Http\Request))
#31 C:\Users\Sudip\Desktop\Interview\bulk.ly\vendor\laravel\framework\src\Illuminate\Pipeline\Pipeline.php(148): Illuminate\Cookie\Middleware\EncryptCookies->handle(Object(Illuminate\Http\Request), Object(Closure))
#32 C:\Users\Sudip\Desktop\Interview\bulk.ly\vendor\laravel\framework\src\Illuminate\Routing\Pipeline.php(53): Illuminate\Pipeline\Pipeline->Illuminate\Pipeline\{closure}(Object(Illuminate\Http\Request))
#33 C:\Users\Sudip\Desktop\Interview\bulk.ly\vendor\laravel\framework\src\Illuminate\Pipeline\Pipeline.php(102): Illuminate\Routing\Pipeline->Illuminate\Routing\{closure}(Object(Illuminate\Http\Request))
#34 C:\Users\Sudip\Desktop\Interview\bulk.ly\vendor\laravel\framework\src\Illuminate\Routing\Router.php(574): Illuminate\Pipeline\Pipeline->then(Object(Closure))
#35 C:\Users\Sudip\Desktop\Interview\bulk.ly\vendor\laravel\framework\src\Illuminate\Routing\Router.php(533): Illuminate\Routing\Router->runRouteWithinStack(Object(Illuminate\Routing\Route), Object(Illuminate\Http\Request))
#36 C:\Users\Sudip\Desktop\Interview\bulk.ly\vendor\laravel\framework\src\Illuminate\Routing\Router.php(511): Illuminate\Routing\Router->dispatchToRoute(Object(Illuminate\Http\Request))
#37 C:\Users\Sudip\Desktop\Interview\bulk.ly\vendor\laravel\framework\src\Illuminate\Foundation\Http\Kernel.php(176): Illuminate\Routing\Router->dispatch(Object(Illuminate\Http\Request))
#38 C:\Users\Sudip\Desktop\Interview\bulk.ly\vendor\laravel\framework\src\Illuminate\Routing\Pipeline.php(30): Illuminate\Foundation\Http\Kernel->Illuminate\Foundation\Http\{closure}(Object(Illuminate\Http\Request))
#39 C:\Users\Sudip\Desktop\Interview\bulk.ly\vendor\laravel\framework\src\Illuminate\Foundation\Http\Middleware\TransformsRequest.php(30): Illuminate\Routing\Pipeline->Illuminate\Routing\{closure}(Object(Illuminate\Http\Request))
#40 C:\Users\Sudip\Desktop\Interview\bulk.ly\vendor\laravel\framework\src\Illuminate\Pipeline\Pipeline.php(148): Illuminate\Foundation\Http\Middleware\TransformsRequest->handle(Object(Illuminate\Http\Request), Object(Closure))
#41 C:\Users\Sudip\Desktop\Interview\bulk.ly\vendor\laravel\framework\src\Illuminate\Routing\Pipeline.php(53): Illuminate\Pipeline\Pipeline->Illuminate\Pipeline\{closure}(Object(Illuminate\Http\Request))
#42 C:\Users\Sudip\Desktop\Interview\bulk.ly\vendor\laravel\framework\src\Illuminate\Foundation\Http\Middleware\TransformsRequest.php(30): Illuminate\Routing\Pipeline->Illuminate\Routing\{closure}(Object(Illuminate\Http\Request))
#43 C:\Users\Sudip\Desktop\Interview\bulk.ly\vendor\laravel\framework\src\Illuminate\Pipeline\Pipeline.php(148): Illuminate\Foundation\Http\Middleware\TransformsRequest->handle(Object(Illuminate\Http\Request), Object(Closure))
#44 C:\Users\Sudip\Desktop\Interview\bulk.ly\vendor\laravel\framework\src\Illuminate\Routing\Pipeline.php(53): Illuminate\Pipeline\Pipeline->Illuminate\Pipeline\{closure}(Object(Illuminate\Http\Request))
#45 C:\Users\Sudip\Desktop\Interview\bulk.ly\vendor\laravel\framework\src\Illuminate\Foundation\Http\Middleware\ValidatePostSize.php(27): Illuminate\Routing\Pipeline->Illuminate\Routing\{closure}(Object(Illuminate\Http\Request))
#46 C:\Users\Sudip\Desktop\Interview\bulk.ly\vendor\laravel\framework\src\Illuminate\Pipeline\Pipeline.php(148): Illuminate\Foundation\Http\Middleware\ValidatePostSize->handle(Object(Illuminate\Http\Request), Object(Closure))
#47 C:\Users\Sudip\Desktop\Interview\bulk.ly\vendor\laravel\framework\src\Illuminate\Routing\Pipeline.php(53): Illuminate\Pipeline\Pipeline->Illuminate\Pipeline\{closure}(Object(Illuminate\Http\Request))
#48 C:\Users\Sudip\Desktop\Interview\bulk.ly\vendor\laravel\framework\src\Illuminate\Foundation\Http\Middleware\CheckForMaintenanceMode.php(46): Illuminate\Routing\Pipeline->Illuminate\Routing\{closure}(Object(Illuminate\Http\Request))
#49 C:\Users\Sudip\Desktop\Interview\bulk.ly\vendor\laravel\framework\src\Illuminate\Pipeline\Pipeline.php(148): Illuminate\Foundation\Http\Middleware\CheckForMaintenanceMode->handle(Object(Illuminate\Http\Request), Object(Closure))
#50 C:\Users\Sudip\Desktop\Interview\bulk.ly\vendor\laravel\framework\src\Illuminate\Routing\Pipeline.php(53): Illuminate\Pipeline\Pipeline->Illuminate\Pipeline\{closure}(Object(Illuminate\Http\Request))
#51 C:\Users\Sudip\Desktop\Interview\bulk.ly\vendor\laravel\framework\src\Illuminate\Pipeline\Pipeline.php(102): Illuminate\Routing\Pipeline->Illuminate\Routing\{closure}(Object(Illuminate\Http\Request))
#52 C:\Users\Sudip\Desktop\Interview\bulk.ly\vendor\laravel\framework\src\Illuminate\Foundation\Http\Kernel.php(151): Illuminate\Pipeline\Pipeline->then(Object(Closure))
#53 C:\Users\Sudip\Desktop\Interview\bulk.ly\vendor\laravel\framework\src\Illuminate\Foundation\Http\Kernel.php(116): Illuminate\Foundation\Http\Kernel->sendRequestThroughRouter(Object(Illuminate\Http\Request))
#54 C:\Users\Sudip\Desktop\Interview\bulk.ly\public\index.php(53): Illuminate\Foundation\Http\Kernel->handle(Object(Illuminate\Http\Request))
#55 C:\Users\Sudip\Desktop\Interview\bulk.ly\server.php(21): require_once('C:\\Users\\Sudip\\...')
#56 {main}  
[2020-04-25 14:09:38] development.ERROR: ErrorException: Use of undefined constant ‘Alert’ - assumed '‘Alert’' (this will throw an Error in a future version of PHP) in F:\exam\bulk.ly\config\app.php:231
Stack trace:
#0 F:\exam\bulk.ly\config\app.php(231): Illuminate\Foundation\Bootstrap\HandleExceptions->handleError(2, 'Use of undefine...', 'F:\\exam\\bulk.ly...', 231, Array)
#1 F:\exam\bulk.ly\vendor\laravel\framework\src\Illuminate\Foundation\Bootstrap\LoadConfiguration.php(71): require('F:\\exam\\bulk.ly...')
#2 F:\exam\bulk.ly\vendor\laravel\framework\src\Illuminate\Foundation\Bootstrap\LoadConfiguration.php(39): Illuminate\Foundation\Bootstrap\LoadConfiguration->loadConfigurationFiles(Object(Illuminate\Foundation\Application), Object(Illuminate\Config\Repository))
#3 F:\exam\bulk.ly\vendor\laravel\framework\src\Illuminate\Foundation\Application.php(208): Illuminate\Foundation\Bootstrap\LoadConfiguration->bootstrap(Object(Illuminate\Foundation\Application))
#4 F:\exam\bulk.ly\vendor\laravel\framework\src\Illuminate\Foundation\Console\Kernel.php(267): Illuminate\Foundation\Application->bootstrapWith(Array)
#5 F:\exam\bulk.ly\vendor\laravel\framework\src\Illuminate\Foundation\Console\ConfigCacheCommand.php(72): Illuminate\Foundation\Console\Kernel->bootstrap()
#6 F:\exam\bulk.ly\vendor\laravel\framework\src\Illuminate\Foundation\Console\ConfigCacheCommand.php(54): Illuminate\Foundation\Console\ConfigCacheCommand->getFreshConfiguration()
#7 [internal function]: Illuminate\Foundation\Console\ConfigCacheCommand->fire()
#8 F:\exam\bulk.ly\vendor\laravel\framework\src\Illuminate\Container\BoundMethod.php(29): call_user_func_array(Array, Array)
#9 F:\exam\bulk.ly\vendor\laravel\framework\src\Illuminate\Container\BoundMethod.php(87): Illuminate\Container\BoundMethod::Illuminate\Container\{closure}()
#10 F:\exam\bulk.ly\vendor\laravel\framework\src\Illuminate\Container\BoundMethod.php(31): Illuminate\Container\BoundMethod::callBoundMethod(Object(Illuminate\Foundation\Application), Array, Object(Closure))
#11 F:\exam\bulk.ly\vendor\laravel\framework\src\Illuminate\Container\Container.php(539): Illuminate\Container\BoundMethod::call(Object(Illuminate\Foundation\Application), Array, Array, NULL)
#12 F:\exam\bulk.ly\vendor\laravel\framework\src\Illuminate\Console\Command.php(182): Illuminate\Container\Container->call(Array)
#13 F:\exam\bulk.ly\vendor\symfony\console\Command\Command.php(255): Illuminate\Console\Command->execute(Object(Symfony\Component\Console\Input\ArgvInput), Object(Illuminate\Console\OutputStyle))
#14 F:\exam\bulk.ly\vendor\laravel\framework\src\Illuminate\Console\Command.php(167): Symfony\Component\Console\Command\Command->run(Object(Symfony\Component\Console\Input\ArgvInput), Object(Illuminate\Console\OutputStyle))
#15 F:\exam\bulk.ly\vendor\symfony\console\Application.php(987): Illuminate\Console\Command->run(Object(Symfony\Component\Console\Input\ArgvInput), Object(Symfony\Component\Console\Output\ConsoleOutput))
#16 F:\exam\bulk.ly\vendor\symfony\console\Application.php(255): Symfony\Component\Console\Application->doRunCommand(Object(Illuminate\Foundation\Console\ConfigCacheCommand), Object(Symfony\Component\Console\Input\ArgvInput), Object(Symfony\Component\Console\Output\ConsoleOutput))
#17 F:\exam\bulk.ly\vendor\symfony\console\Application.php(148): Symfony\Component\Console\Application->doRun(Object(Symfony\Component\Console\Input\ArgvInput), Object(Symfony\Component\Console\Output\ConsoleOutput))
#18 F:\exam\bulk.ly\vendor\laravel\framework\src\Illuminate\Foundation\Console\Kernel.php(122): Symfony\Component\Console\Application->run(Object(Symfony\Component\Console\Input\ArgvInput), Object(Symfony\Component\Console\Output\ConsoleOutput))
#19 F:\exam\bulk.ly\artisan(35): Illuminate\Foundation\Console\Kernel->handle(Object(Symfony\Component\Console\Input\ArgvInput), Object(Symfony\Component\Console\Output\ConsoleOutput))
#20 {main}  
